<?xml version="1.0" encoding="UTF-8"?>
<!-- Generated by org.testng.reporters.JUnitXMLReporter -->
<testsuite hostname="CHL122908" ignored="1" name="Default test" tests="2" failures="0" timestamp="2020-06-22T18:36:02 IST" time="19.022" errors="0">
  <testcase name="loanApply" time="17.026" classname="uiBank.ApplyLoan"/>
  <testcase name="accountCreation" time="1.763" classname="uiBank.GetLoanStatusAndVerify"/>
  <testcase name="@BeforeSuite baseSetup" time="0.0" classname="uiBank.BaseRequestClass">
    <ignored/>
  </testcase> <!-- @BeforeSuite baseSetup -->
</testsuite> <!-- Default test -->
