<?xml version="1.0" encoding="UTF-8"?>
<!-- Generated by org.testng.reporters.JUnitXMLReporter -->
<testsuite hostname="CHL122908" ignored="2" name="Default test" tests="3" failures="0" timestamp="2020-06-16T17:21:04 IST" time="20.693" errors="0">
  <testcase name="createCustomer" time="16.058" classname="zohoCutomer.CreateCustomer"/>
  <testcase name="updateCustomer" time="2.32" classname="zohoCutomer.UpdateCustomer"/>
  <testcase name="createCustomer" time="2.005" classname="zohoCutomer.DeleteCustomer"/>
  <testcase name="@BeforeSuite baseSetup" time="0.0" classname="zohoCutomer.BaseRequestCalses">
    <ignored/>
  </testcase> <!-- @BeforeSuite baseSetup -->
  <testcase name="@BeforeSuite baseSetup" time="0.0" classname="zohoCutomer.BaseRequestCalses">
    <ignored/>
  </testcase> <!-- @BeforeSuite baseSetup -->
</testsuite> <!-- Default test -->
